<?xml version="1.0" encoding="UTF-8"?>
<!-- Generated by org.testng.reporters.JUnitReportReporter -->
<testsuite hostname="DESKTOP-1PRLMKU" failures="0" tests="1" name="TestNGClass.Simple" time="0.011" errors="0" timestamp="2022-06-22T18:18:23 IST" skipped="0">
  <testcase classname="TestNGClass.Simple" name="Display" time="0.011"/>
  <system-out>
    <![CDATA[Hi Good Morning
Hi Good Aternoon ]]>
  </system-out>
</testsuite> <!-- TestNGClass.Simple -->
