<?xml version="1.0" encoding="UTF-8"?>
<!-- Generated by org.testng.reporters.JUnitReportReporter -->
<testsuite hostname="DESKTOP-1PRLMKU" failures="0" tests="1" name="SerialAndParallelExecution.MyClass2" time="7.910" errors="0" timestamp="2022-06-27T11:58:15 IST" skipped="0">
  <testcase classname="SerialAndParallelExecution.MyClass2" name="myMethod2" time="7.910"/>
  <system-out>
    <![CDATA[My Method 2 is running]]>
  </system-out>
</testsuite> <!-- SerialAndParallelExecution.MyClass2 -->
