<?xml version="1.0" encoding="UTF-8"?>
<!-- Generated by org.testng.reporters.JUnitReportReporter -->
<testsuite hostname="DESKTOP-1PRLMKU" failures="0" tests="3" name="TestNGKeyWords.InvoctionCountStudy" time="0.022" errors="0" timestamp="2022-06-23T10:10:47 IST" skipped="0">
  <testcase classname="TestNGKeyWords.InvoctionCountStudy" name="a" time="0.003"/>
  <system-out>
    <![CDATA[a method is running]]>
  </system-out>
  <testcase classname="TestNGKeyWords.InvoctionCountStudy" name="a" time="0.003"/>
  <system-out>
    <![CDATA[a method is running]]>
  </system-out>
  <testcase classname="TestNGKeyWords.InvoctionCountStudy" name="a" time="0.016"/>
  <system-out>
    <![CDATA[a method is running]]>
  </system-out>
</testsuite> <!-- TestNGKeyWords.InvoctionCountStudy -->
