<?xml version="1.0" encoding="UTF-8"?>
<!-- Generated by org.testng.reporters.JUnitReportReporter -->
<testsuite hostname="DESKTOP-1PRLMKU" failures="0" tests="2" name="TestNGClass.AnnotationStudy" time="0.010" errors="0" timestamp="2022-06-23T10:05:21 IST" skipped="0">
  <testcase classname="TestNGClass.AnnotationStudy" name="validateUserName" time="0.006"/>
  <system-out>
    <![CDATA[UserName Validated]]>
  </system-out>
  <testcase classname="TestNGClass.AnnotationStudy" name="validateDashBord" time="0.004"/>
  <system-out>
    <![CDATA[Dashboard Validated]]>
  </system-out>
</testsuite> <!-- TestNGClass.AnnotationStudy -->
