<?xml version="1.0" encoding="UTF-8"?>
<!-- Generated by org.testng.reporters.JUnitReportReporter -->
<testsuite hostname="DESKTOP-1PRLMKU" failures="0" tests="1" name="SerialAndParallelExecution.MyClass1" time="7.159" errors="0" timestamp="2022-06-27T11:58:15 IST" skipped="0">
  <testcase classname="SerialAndParallelExecution.MyClass1" name="myMethod1" time="7.159"/>
  <system-out>
    <![CDATA[My Method 1 is running]]>
  </system-out>
</testsuite> <!-- SerialAndParallelExecution.MyClass1 -->
