<?xml version="1.0" encoding="UTF-8"?>
<!-- Generated by org.testng.reporters.JUnitReportReporter -->
<testsuite hostname="DESKTOP-1PRLMKU" failures="0" tests="1" name="kiteTest.ValidateUserIdUsingProperty" time="4.630" errors="0" timestamp="2022-07-08T12:22:02 IST" skipped="0">
  <testcase classname="kiteTest.ValidateUserIdUsingProperty" name="validateUserID" time="4.630"/>
  <system-out/>
</testsuite> <!-- kiteTest.ValidateUserIdUsingProperty -->
