<?xml version="1.0" encoding="UTF-8"?>
<!-- Generated by org.testng.reporters.JUnitReportReporter -->
<testsuite hostname="DESKTOP-1PRLMKU" failures="0" tests="3" name="TestNGKeyWords.DependsOnMethod" time="0.023" errors="0" timestamp="2022-06-27T10:33:25 IST" skipped="0">
  <testcase classname="TestNGKeyWords.DependsOnMethod" name="d" time="0.017"/>
  <system-out>
    <![CDATA[d method is running]]>
  </system-out>
  <testcase classname="TestNGKeyWords.DependsOnMethod" name="a" time="0.003"/>
  <system-out>
    <![CDATA[a method is running]]>
  </system-out>
  <testcase classname="TestNGKeyWords.DependsOnMethod" name="z" time="0.003"/>
  <system-out>
    <![CDATA[z method is running]]>
  </system-out>
</testsuite> <!-- TestNGKeyWords.DependsOnMethod -->
