<?xml version="1.0" encoding="UTF-8"?>
<!-- Generated by org.testng.reporters.JUnitReportReporter -->
<testsuite hostname="DESKTOP-1PRLMKU" failures="0" tests="3" name="TestNGKeyWords.EnabledUse" time="0.024" errors="0" timestamp="2022-06-23T10:16:39 IST" skipped="1">
  <testcase classname="TestNGKeyWords.EnabledUse" name="c" time="0.003"/>
  <system-out>
    <![CDATA[c is running]]>
  </system-out>
  <testcase classname="TestNGKeyWords.EnabledUse" name="a" time="0.021"/>
  <system-out>
    <![CDATA[a is running]]>
  </system-out>
  <testcase classname="TestNGKeyWords.EnabledUse" name="b">
    <skipped/>
  </testcase> <!-- b -->
  <system-out/>
</testsuite> <!-- TestNGKeyWords.EnabledUse -->
