<?xml version="1.0" encoding="UTF-8"?>
<!-- Generated by org.testng.reporters.JUnitReportReporter -->
<testsuite hostname="DESKTOP-1PRLMKU" failures="0" tests="3" name="TestNGKeyWords.PriorityUse" time="0.024" errors="0" timestamp="2022-06-23T10:13:54 IST" skipped="0">
  <testcase classname="TestNGKeyWords.PriorityUse" name="z" time="0.019"/>
  <system-out>
    <![CDATA[z method is running]]>
  </system-out>
  <testcase classname="TestNGKeyWords.PriorityUse" name="d" time="0.003"/>
  <system-out>
    <![CDATA[d method is running]]>
  </system-out>
  <testcase classname="TestNGKeyWords.PriorityUse" name="a" time="0.002"/>
  <system-out>
    <![CDATA[a method is running]]>
  </system-out>
</testsuite> <!-- TestNGKeyWords.PriorityUse -->
