<?xml version="1.0" encoding="UTF-8"?>
<!-- Generated by org.testng.reporters.JUnitReportReporter -->
<testsuite hostname="DESKTOP-1PRLMKU" failures="0" tests="2" name="TestNGClass.Example1TestNG" time="31.353" errors="0" timestamp="2022-06-23T10:05:21 IST" skipped="0">
  <testcase classname="TestNGClass.Example1TestNG" name="Mymethod" time="7.301"/>
  <system-out>
    <![CDATA[Hi this is reporter output]]>
  </system-out>
  <testcase classname="TestNGClass.Example1TestNG" name="test3" time="24.052"/>
  <system-out/>
</testsuite> <!-- TestNGClass.Example1TestNG -->
