<?xml version="1.0" encoding="UTF-8"?>
<!-- Generated by org.testng.reporters.JUnitReportReporter -->
<testsuite hostname="DESKTOP-1PRLMKU" failures="0" tests="1" name="TestNGClass.testNG_FirstClass" time="7.407" errors="0" timestamp="2022-06-22T17:58:23 IST" skipped="0">
  <testcase classname="TestNGClass.testNG_FirstClass" name="Mymethod" time="7.407"/>
  <system-out/>
</testsuite> <!-- TestNGClass.testNG_FirstClass -->
