<?xml version="1.0" encoding="UTF-8"?>
<!-- Generated by org.testng.reporters.JUnitReportReporter -->
<testsuite hostname="DESKTOP-1PRLMKU" failures="0" tests="1" name="TestNGKeyWords.TestClass2" time="0.024" errors="0" timestamp="2022-06-27T11:06:29 IST" skipped="0">
  <testcase classname="TestNGKeyWords.TestClass2" name="q" time="0.024"/>
  <system-out>
    <![CDATA[q method is running]]>
  </system-out>
</testsuite> <!-- TestNGKeyWords.TestClass2 -->
