<?xml version="1.0" encoding="UTF-8"?>
<!-- Generated by org.testng.reporters.JUnitReportReporter -->
<testsuite hostname="DESKTOP-1PRLMKU" failures="0" tests="1" name="TestNGKeyWords.TestClass1" time="0.002" errors="0" timestamp="2022-06-27T11:06:29 IST" skipped="0">
  <testcase classname="TestNGKeyWords.TestClass1" name="y" time="0.002"/>
  <system-out>
    <![CDATA[y method is running]]>
  </system-out>
</testsuite> <!-- TestNGKeyWords.TestClass1 -->
